{
  "RSpec": {
    "coverage": {
      "/home/csvm/TBD-App/app/models/user.rb": [
        1,
        null,
        null,
        1,
        null,
        null,
        1,
        1,
        null,
        1,
        2,
        2,
        2,
        1,
        null,
        2,
        null,
        null,
        null
      ],
      "/home/csvm/TBD-App/app/helpers/application_helper.rb": [
        1,
        null
      ],
      "/home/csvm/TBD-App/app/helpers/drivers_helper.rb": [
        1,
        null
      ],
      "/home/csvm/TBD-App/app/helpers/products_helper.rb": [
        1,
        null
      ],
      "/home/csvm/TBD-App/app/helpers/riders_helper.rb": [
        1,
        null
      ],
      "/home/csvm/TBD-App/app/helpers/users_helper.rb": [
        1,
        null
      ],
      "/home/csvm/TBD-App/app/controllers/drivers_controller.rb": [
        1,
        null,
        1,
        null,
        null,
        1,
        null,
        null,
        1,
        null,
        null,
        1,
        null,
        null,
        null
      ],
      "/home/csvm/TBD-App/app/controllers/application_controller.rb": [
        1,
        null,
        null,
        1,
        null
      ],
      "/home/csvm/TBD-App/app/controllers/riders_controller.rb": [
        1,
        null,
        1,
        null,
        null,
        1,
        null,
        null,
        1,
        null,
        null,
        1,
        null,
        null,
        null
      ],
      "/home/csvm/TBD-App/app/controllers/users_controller.rb": [
        1,
        null,
        1,
        null,
        null,
        1,
        null,
        null,
        1,
        null,
        null,
        1,
        null,
        null,
        1,
        null,
        null,
        1,
        0,
        0,
        0,
        null,
        null,
        1,
        1,
        1,
        null,
        null,
        1,
        1,
        1,
        1,
        1,
        null,
        null,
        null,
        1,
        2,
        2,
        null,
        null,
        1,
        0,
        null,
        null,
        1,
        1,
        1,
        null,
        null
      ],
      "/home/csvm/TBD-App/app/models/driver.rb": [
        1,
        1,
        null
      ],
      "/home/csvm/TBD-App/app/models/rider.rb": [
        1,
        1,
        null
      ]
    },
    "timestamp": 1428964636
  },
  "Cucumber Features": {
    "coverage": {
      "/media/sf_software_engineering/TBD-App/app/models/user.rb": [
        1,
        null,
        null,
        1,
        null,
        null,
        1,
        0,
        0,
        null,
        0,
        0,
        null,
        null,
        null,
        null,
        null,
        null,
        null
      ],
      "/media/sf_software_engineering/TBD-App/app/controllers/users_controller.rb": [
        1,
        null,
        1,
        null,
        null,
        1,
        null,
        null,
        1,
        null,
        null,
        1,
        1,
        null,
        null,
        1,
        null,
        null,
        1,
        1,
        1,
        1,
        null,
        null,
        1,
        1,
        1,
        null,
        null,
        1,
        1,
        1,
        1,
        1,
        null,
        null,
        null,
        1,
        2,
        2,
        null,
        null,
        1,
        0,
        0,
        0,
        0,
        null,
        0,
        0,
        null,
        null,
        null,
        1,
        1,
        1,
        null,
        null
      ],
      "/media/sf_software_engineering/TBD-App/app/controllers/application_controller.rb": [
        1,
        null,
        null,
        1,
        null
      ],
      "/media/sf_software_engineering/TBD-App/app/helpers/application_helper.rb": [
        1,
        null
      ],
      "/media/sf_software_engineering/TBD-App/app/helpers/products_helper.rb": [
        1,
        null
      ],
      "/media/sf_software_engineering/TBD-App/app/helpers/users_helper.rb": [
        1,
        1,
        0,
        null,
        null
      ]
    },
    "timestamp": 1428045525
  }
}
